Performing C SOURCE FILE Test CMAKE_HAVE_LIBC_PTHREAD failed with the following output:
Change Dir: /code/build/CMakeFiles/CMakeTmp

Run Build Command(s):/usr/bin/make cmTC_d97f2/fast && /usr/bin/make -f CMakeFiles/cmTC_d97f2.dir/build.make CMakeFiles/cmTC_d97f2.dir/build
make[1]: Entering directory '/code/build/CMakeFiles/CMakeTmp'
Building C object CMakeFiles/cmTC_d97f2.dir/src.c.o
/usr/bin/cc   -march=native -maes -mrdseed -lntl -g -DCMAKE_HAVE_LIBC_PTHREAD   -o CMakeFiles/cmTC_d97f2.dir/src.c.o   -c /code/build/CMakeFiles/CMakeTmp/src.c
Linking C executable cmTC_d97f2
/usr/bin/cmake -E cmake_link_script CMakeFiles/cmTC_d97f2.dir/link.txt --verbose=1
/usr/bin/cc -march=native -maes -mrdseed -lntl -g -DCMAKE_HAVE_LIBC_PTHREAD    CMakeFiles/cmTC_d97f2.dir/src.c.o  -o cmTC_d97f2 
/usr/bin/ld: CMakeFiles/cmTC_d97f2.dir/src.c.o: in function `main':
/code/build/CMakeFiles/CMakeTmp/src.c:11: undefined reference to `pthread_create'
/usr/bin/ld: /code/build/CMakeFiles/CMakeTmp/src.c:12: undefined reference to `pthread_detach'
/usr/bin/ld: /code/build/CMakeFiles/CMakeTmp/src.c:13: undefined reference to `pthread_join'
collect2: error: ld returned 1 exit status
make[1]: *** [CMakeFiles/cmTC_d97f2.dir/build.make:87: cmTC_d97f2] Error 1
make[1]: Leaving directory '/code/build/CMakeFiles/CMakeTmp'
make: *** [Makefile:121: cmTC_d97f2/fast] Error 2


Source file was:
#include <pthread.h>

void* test_func(void* data)
{
  return data;
}

int main(void)
{
  pthread_t thread;
  pthread_create(&thread, NULL, test_func, NULL);
  pthread_detach(thread);
  pthread_join(thread, NULL);
  pthread_atfork(NULL, NULL, NULL);
  pthread_exit(NULL);

  return 0;
}

